SF:lib\state\app_state_notifier.dart
DA:5,10
DA:7,8
DA:10,4
DA:11,4
DA:17,3
DA:18,3
DA:26,2
DA:27,4
DA:28,0
DA:29,0
DA:30,0
DA:37,1
DA:38,3
DA:39,3
DA:40,2
DA:43,0
DA:44,0
DA:45,0
LF:18
LH:12
end_of_record
SF:lib\services\storage_service.dart
DA:8,0
DA:9,0
DA:10,0
DA:13,2
DA:14,2
DA:15,0
DA:18,0
DA:19,0
DA:20,0
DA:23,0
DA:24,0
DA:25,0
DA:28,0
DA:29,0
DA:30,0
DA:33,0
DA:34,0
DA:35,0
LF:18
LH:2
end_of_record
SF:lib\state\app_state.dart
DA:6,1
DA:12,1
DA:17,1
DA:18,0
DA:19,1
DA:20,1
LF:6
LH:5
end_of_record
SF:lib\features\dashboard\dashboard_screen.dart
DA:9,2
DA:11,2
DA:13,4
DA:16,6
DA:17,2
DA:19,2
DA:21,2
DA:22,2
DA:23,2
DA:24,2
DA:25,2
DA:26,2
DA:29,2
DA:30,2
DA:32,8
DA:37,2
DA:40,2
DA:41,0
DA:48,2
DA:50,6
DA:54,2
DA:61,2
DA:62,2
DA:63,4
DA:66,0
DA:67,0
DA:70,2
DA:71,4
DA:74,0
DA:77,0
DA:78,0
DA:81,2
DA:82,4
DA:90,2
DA:92,2
DA:93,2
DA:95,6
DA:97,2
DA:98,0
DA:104,2
DA:106,2
DA:107,4
DA:108,2
DA:110,2
DA:112,2
DA:113,2
DA:115,6
DA:118,2
DA:120,6
DA:123,2
DA:125,2
DA:127,2
DA:129,6
DA:136,2
DA:139,2
DA:141,2
DA:142,0
LF:57
LH:49
end_of_record
SF:lib\widgets\app_scaffold.dart
DA:8,2
DA:14,0
DA:16,0
DA:17,0
DA:19,0
DA:20,0
DA:22,0
DA:23,0
DA:25,0
DA:26,0
DA:28,0
DA:29,0
DA:34,2
DA:36,2
DA:37,4
DA:38,2
DA:39,2
DA:40,0
LF:18
LH:6
end_of_record
SF:lib\widgets\stat_card.dart
DA:9,2
DA:17,2
DA:19,2
DA:21,2
DA:22,4
DA:23,2
DA:25,2
DA:27,2
DA:28,4
DA:30,10
DA:31,10
DA:36,2
DA:38,2
DA:40,4
DA:41,2
DA:42,2
DA:43,2
LF:17
LH:17
end_of_record
